Flutter crash report.
Please report a bug at https://github.com/flutter/flutter/issues.

## command

flutter --quiet assemble --no-version-check --depfile C:\Users\hp\OneDrive\Desktop\snake\neon-project\build\app\intermediates\flutter\debug/flutter_build.d --output C:\Users\hp\OneDrive\Desktop\snake\neon-project\build\app\intermediates\flutter\debug -dTargetFile=C:\Users\hp\OneDrive\Desktop\snake\neon-project\lib\main.dart -dTargetPlatform=android -dBuildMode=debug -dTrackWidgetCreation=true --DartDefines=RkxVVFRFUl9XRUJfQVVUT19ERVRFQ1Q9dHJ1ZQ==,RkxVVFRFUl9XRUJfQ0FOVkFTS0lUX1VSTD1odHRwczovL3d3dy5nc3RhdGljLmNvbS9mbHV0dGVyLWNhbnZhc2tpdC8zZjNlNTYwMjM2NTM5YjdlMjcwMmY1YWM3OTBiMmE0NjkxYjMyZDQ5Lw== debug_android_application

## exception

PathAccessException: PathAccessException: Cannot delete file, path = 'C:\Users\hp\OneDrive\Desktop\snake\neon-project\build\app\intermediates\flutter\debug\flutter_assets\assets/3u.svg' (OS Error: Access is denied.
, errno = 5)

```
#0      _File.throwIfError (dart:io/file_impl.dart:675:7)
#1      _File._deleteSync (dart:io/file_impl.dart:329:5)
#2      FileSystemEntity.deleteSync (dart:io/file_system_entity.dart:414:7)
#3      ForwardingFileSystemEntity.deleteSync (package:file/src/forwarding/forwarding_file_system_entity.dart:70:16)
#4      ForwardingFileSystemEntity.deleteSync (package:file/src/forwarding/forwarding_file_system_entity.dart:70:16)
#5      ErrorHandlingFileSystem.deleteIfExists (package:flutter_tools/src/base/error_handling_io.dart:80:12)
#6      FlutterBuildSystem.trackSharedBuildDirectory (package:flutter_tools/src/build_system/build_system.dart:756:33)
#7      FlutterBuildSystem.build (package:flutter_tools/src/build_system/build_system.dart:644:5)
<asynchronous suspension>
#8      AssembleCommand.runCommand (package:flutter_tools/src/commands/assemble.dart:315:32)
<asynchronous suspension>
#9      FlutterCommand.run.<anonymous closure> (package:flutter_tools/src/runner/flutter_command.dart:1350:27)
<asynchronous suspension>
#10     AppContext.run.<anonymous closure> (package:flutter_tools/src/base/context.dart:150:19)
<asynchronous suspension>
#11     CommandRunner.runCommand (package:args/command_runner.dart:212:13)
<asynchronous suspension>
#12     FlutterCommandRunner.runCommand.<anonymous closure> (package:flutter_tools/src/runner/flutter_command_runner.dart:348:9)
<asynchronous suspension>
#13     AppContext.run.<anonymous closure> (package:flutter_tools/src/base/context.dart:150:19)
<asynchronous suspension>
#14     FlutterCommandRunner.runCommand (package:flutter_tools/src/runner/flutter_command_runner.dart:294:5)
<asynchronous suspension>
#15     run.<anonymous closure>.<anonymous closure> (package:flutter_tools/runner.dart:112:9)
<asynchronous suspension>
#16     AppContext.run.<anonymous closure> (package:flutter_tools/src/base/context.dart:150:19)
<asynchronous suspension>
#17     main (package:flutter_tools/executable.dart:90:3)
<asynchronous suspension>
```

## flutter doctor

```
[✓] Flutter (Channel stable, 3.16.5, on Microsoft Windows [Version 10.0.22621.2861], locale en-IN)
    • Flutter version 3.16.5 on channel stable at C:\flutter
    • Upstream repository https://github.com/flutter/flutter.git
    • Framework revision 78666c8dc5 (8 days ago), 2023-12-19 16:14:14 -0800
    • Engine revision 3f3e560236
    • Dart version 3.2.3
    • DevTools version 2.28.4

[✓] Windows Version (Installed version of Windows is version 10 or higher)

[✓] Android toolchain - develop for Android devices (Android SDK version 30.0.3)
    • Android SDK at C:\android
    • Platform android-34, build-tools 30.0.3
    • Java binary at: C:\Program Files\Java\jdk-18.0.2\bin\java
    • Java version Java(TM) SE Runtime Environment (build 18.0.2+9-61)
    • All Android licenses accepted.

[✓] Chrome - develop for the web
    • Chrome at C:\Program Files (x86)\Google\Chrome\Application\chrome.exe

[✓] Visual Studio - develop Windows apps (Visual Studio Community 2022 17.3.6)
    • Visual Studio at C:\Program Files\Microsoft Visual Studio\2022\Community
    • Visual Studio Community 2022 version 17.3.32929.385
    • Windows 10 SDK version 10.0.19041.0

[!] Android Studio (not installed)
    • Android Studio not found; download from https://developer.android.com/studio/index.html
      (or visit https://flutter.dev/docs/get-started/install/windows#android-setup for detailed instructions).

[✓] VS Code (version 1.85.1)
    • VS Code at C:\Users\hp\AppData\Local\Programs\Microsoft VS Code
    • Flutter extension version 3.80.0

[✓] Connected device (4 available)
    • motorola one fusion (mobile) • ZF6226SRWJ • android-arm64  • Android 11 (API 30)
    • Windows (desktop)            • windows    • windows-x64    • Microsoft Windows [Version 10.0.22621.2861]
    • Chrome (web)                 • chrome     • web-javascript • Google Chrome 120.0.6099.130
    • Edge (web)                   • edge       • web-javascript • Microsoft Edge 120.0.2210.91

[✓] Network resources
    • All expected network resources are available.

! Doctor found issues in 1 category.
```
